{"C:\\Users\\user\\Desktop\\TP1-test\\src\\async.js": {"path":"C:\\Users\\user\\Desktop\\TP1-test\\src\\async.js","all":false,"statementMap":{"0":{"start":{"line":1,"column":0},"end":{"line":1,"column":41}},"1":{"start":{"line":2,"column":0},"end":{"line":2,"column":63}},"2":{"start":{"line":3,"column":0},"end":{"line":3,"column":23}},"3":{"start":{"line":4,"column":0},"end":{"line":4,"column":53}},"4":{"start":{"line":5,"column":0},"end":{"line":5,"column":5}},"5":{"start":{"line":6,"column":0},"end":{"line":6,"column":39}},"6":{"start":{"line":7,"column":0},"end":{"line":7,"column":28}},"7":{"start":{"line":8,"column":0},"end":{"line":8,"column":3}}},"s":{"0":1,"1":1,"2":1,"3":0,"4":0,"5":1,"6":1,"7":1},"branchMap":{"0":{"type":"branch","line":1,"loc":{"start":{"line":1,"column":7},"end":{"line":8,"column":3}},"locations":[{"start":{"line":1,"column":7},"end":{"line":8,"column":3}}]},"1":{"type":"branch","line":3,"loc":{"start":{"line":3,"column":22},"end":{"line":5,"column":5}},"locations":[{"start":{"line":3,"column":22},"end":{"line":5,"column":5}}]}},"b":{"0":[1],"1":[0]},"fnMap":{"0":{"name":"fetchRandomUser","decl":{"start":{"line":1,"column":7},"end":{"line":8,"column":3}},"loc":{"start":{"line":1,"column":7},"end":{"line":8,"column":3}},"line":1}},"f":{"0":1}}
,"C:\\Users\\user\\Desktop\\TP1-test\\src\\math": {"path":"C:\\Users\\user\\Desktop\\TP1-test\\src\\math","all":true,"statementMap":{"0":{"start":{"line":1,"column":0},"end":{"line":1,"column":26}},"1":{"start":{"line":2,"column":0},"end":{"line":2,"column":14}},"2":{"start":{"line":3,"column":0},"end":{"line":3,"column":1}}},"s":{"0":0,"1":0,"2":0},"branchMap":{"0":{"type":"branch","line":1,"loc":{"start":{"line":1,"column":45},"end":{"line":3,"column":1}},"locations":[{"start":{"line":1,"column":45},"end":{"line":3,"column":1}}]}},"b":{"0":[0]},"fnMap":{"0":{"name":"(empty-report)","decl":{"start":{"line":1,"column":45},"end":{"line":3,"column":1}},"loc":{"start":{"line":1,"column":45},"end":{"line":3,"column":1}},"line":1}},"f":{"0":0}}
,"C:\\Users\\user\\Desktop\\TP1-test\\src\\price.js": {"path":"C:\\Users\\user\\Desktop\\TP1-test\\src\\price.js","all":false,"statementMap":{"0":{"start":{"line":1,"column":0},"end":{"line":1,"column":49}},"1":{"start":{"line":2,"column":0},"end":{"line":2,"column":40}},"2":{"start":{"line":3,"column":0},"end":{"line":3,"column":3}}},"s":{"0":1,"1":5,"2":5},"branchMap":{"0":{"type":"branch","line":1,"loc":{"start":{"line":1,"column":7},"end":{"line":3,"column":3}},"locations":[{"start":{"line":1,"column":7},"end":{"line":3,"column":3}}]},"1":{"type":"branch","line":2,"loc":{"start":{"line":2,"column":24},"end":{"line":2,"column":39}},"locations":[{"start":{"line":2,"column":24},"end":{"line":2,"column":39}}]}},"b":{"0":[5],"1":[4]},"fnMap":{"0":{"name":"isPriceInRange","decl":{"start":{"line":1,"column":7},"end":{"line":3,"column":3}},"loc":{"start":{"line":1,"column":7},"end":{"line":3,"column":3}},"line":1}},"f":{"0":5}}
,"C:\\Users\\user\\Desktop\\TP1-test\\src\\sort.js": {"path":"C:\\Users\\user\\Desktop\\TP1-test\\src\\sort.js","all":false,"statementMap":{"0":{"start":{"line":1,"column":0},"end":{"line":1,"column":27}},"1":{"start":{"line":2,"column":0},"end":{"line":2,"column":66}},"2":{"start":{"line":3,"column":0},"end":{"line":3,"column":69}},"3":{"start":{"line":4,"column":0},"end":{"line":4,"column":58}},"4":{"start":{"line":5,"column":0},"end":{"line":5,"column":38}},"5":{"start":{"line":6,"column":0},"end":{"line":6,"column":3}}},"s":{"0":1,"1":5,"2":5,"3":5,"4":5,"5":5},"branchMap":{"0":{"type":"branch","line":1,"loc":{"start":{"line":1,"column":7},"end":{"line":6,"column":3}},"locations":[{"start":{"line":1,"column":7},"end":{"line":6,"column":3}}]},"1":{"type":"branch","line":2,"loc":{"start":{"line":2,"column":32},"end":{"line":2,"column":64}},"locations":[{"start":{"line":2,"column":32},"end":{"line":2,"column":64}}]},"2":{"type":"branch","line":3,"loc":{"start":{"line":3,"column":35},"end":{"line":3,"column":67}},"locations":[{"start":{"line":3,"column":35},"end":{"line":3,"column":67}}]},"3":{"type":"branch","line":4,"loc":{"start":{"line":4,"column":41},"end":{"line":4,"column":56}},"locations":[{"start":{"line":4,"column":41},"end":{"line":4,"column":56}}]}},"b":{"0":[5],"1":[24],"2":[24],"3":[21]},"fnMap":{"0":{"name":"sort","decl":{"start":{"line":1,"column":7},"end":{"line":6,"column":3}},"loc":{"start":{"line":1,"column":7},"end":{"line":6,"column":3}},"line":1}},"f":{"0":5}}
,"C:\\Users\\user\\Desktop\\TP1-test\\src\\string": {"path":"C:\\Users\\user\\Desktop\\TP1-test\\src\\string","all":true,"statementMap":{"0":{"start":{"line":1,"column":0},"end":{"line":1,"column":30}},"1":{"start":{"line":2,"column":0},"end":{"line":2,"column":8}},"2":{"start":{"line":3,"column":0},"end":{"line":3,"column":27}},"3":{"start":{"line":4,"column":0},"end":{"line":4,"column":0}},"4":{"start":{"line":5,"column":0},"end":{"line":5,"column":1}}},"s":{"0":0,"1":0,"2":0,"3":0,"4":0},"branchMap":{"0":{"type":"branch","line":1,"loc":{"start":{"line":1,"column":74},"end":{"line":5,"column":1}},"locations":[{"start":{"line":1,"column":74},"end":{"line":5,"column":1}}]}},"b":{"0":[0]},"fnMap":{"0":{"name":"(empty-report)","decl":{"start":{"line":1,"column":74},"end":{"line":5,"column":1}},"loc":{"start":{"line":1,"column":74},"end":{"line":5,"column":1}},"line":1}},"f":{"0":0}}
}
